#
# A fatal error has been detected by the Java Runtime Environment:
#
#  EXCEPTION_ACCESS_VIOLATION (0xc0000005) at pc=0x00007ff96c866a87, pid=19964, tid=15796
#
# JRE version: Java(TM) SE Runtime Environment (17.0.1+12) (build 17.0.1+12-LTS-39)
# Java VM: Java HotSpot(TM) 64-Bit Server VM (17.0.1+12-LTS-39, mixed mode, sharing, tiered, compressed oops, compressed class ptrs, g1 gc, windows-amd64)
# Problematic frame:
# C  [glass.dll+0x26a87]
#
# No core dump will be written. Minidumps are not enabled by default on client versions of Windows
#
# If you would like to submit a bug report, please visit:
#   https://bugreport.java.com/bugreport/crash.jsp
#

---------------  S U M M A R Y ------------

Command Line: --module-path=C:\JavaFX eclipse\javafx-sdk-17.0.0.1\lib --add-modules=javafx.controls,javafx.fxml -Dfile.encoding=Cp1252 application.Main

Host: Intel(R) Core(TM) i5-8250U CPU @ 1.60GHz, 8 cores, 7G,  Windows 10 , 64 bit Build 19041 (10.0.19041.1566)
Time: Tue Apr  5 01:20:39 2022 Paris, Madrid (heure duild 19041 (10.0.19041.1566) elapsed time: 6.987734 seconds (0d 0h 0m 6s)

---------------  T H R E A D  ---------------

Current thread (0x000001e9cf2a5090):  VMThread "VM Thread" [stack: 0x0000008515e00000,0x0000008515f00000] [id=15796]

Stack: [0x0000008515e00000,0x0000008515f00000],  sp=0x0000008515eff080,  free space=1020k
Native frames: (J=compiled Java code, j=interpreted, Vv=VM code, C=native code)
C  [glass.dll+0x26a87]


siginfo: EXCEPTION_ACCESS_VIOLATION (0xc0000005), reading address 0x0000000000000000


Register to memory mapping:

RIP=0x00007ff96c866a87 glass.dll
RAX=0x0 is NULL
RBX=0x000001e9cf2b88a0 is a global jni handle
RCX=0x000001e9cf2a5090 points into unknown readable memory: 0x00007ff932ffc5e0 | e0 c5 ff 32 f9 7f 00 00
RDX=0x0000008515eff080 points into unknown readable memory: 0x0000000000000000 | 00 00 00 00 00 00 00 00
RSP=0x0000008515eff080 points into unknown readable memory: 0x0000000000000000 | 00 00 00 00 00 00 00 00
RBP=0x000001e9d106e928 points into unknown readable memory: 0x000081694338b4a0 | a0 b4 38 43 69 81 00 00
RSI=0x000001e9d106e900 points into unknown readable memory: 0x6c86bf054338cb59 | 59 cb 38 43 05 bf 86 6c
RDI=0x000081694338b4a0 is an unknown value
R8 =0x0000000000010002 is an unknown value
R9 =0x000081694338b4a0 is an unknown value
R10=0x0000000000008000 is an unknown value
R11=0x0000008515eff010 points into unknown readable memory: 0x000001e9d106e900 | 00 e9 06 d1 e9 01 00 00
R12=0x00007ff96c864354 glass.dll
R13=0x00007ff9331a2940 jvm.dll
R14=0x0000008515eff178 points into unknown readable memory: 0x0000008515eff160 | 60 f1 ef 15 85 00 00 00
R15=0x000001e9d106e900 points into unknown readable memory: 0x6c86bf054338cb59 | 59 cb 38 43 05 bf 86 6c


Registers:
RAX=0x0000000000000000, RBX=0x000001e9cf2b88a0, RCX=0x000001e9cf2a5090, RDX=0x0000008515eff080
RSP=0x0000008515eff080, RBP=0x000001e9d106e928, RSI=0x000001e9d106e900, RDI=0x000081694338b4a0
R8 =0x0000000000010002, R9 =0x000081694338b4a0, R10=0x0000000000008000, R11=0x0000008515eff010
R12=0x00007ff96c864354, R13=0x00007ff9331a2940, R14=0x0000008515eff178, R15=0x000001e9d106e900
RIP=0x00007ff96c866a87, EFLAGS=0x0000000000010206

Top of Stack: (sp=0x0000008515eff080)
0x0000008515eff080:   0000000000000000 000001e9d106e900
0x0000008515eff090:   00007ff9331a2940 00007ff96c864354
0x0000008515eff0a0:   000001e9d106e908 00007ff99ebb42d6
0x0000008515eff0b0:   000081694338b4a0 000001e900000000
0x0000008515eff0c0:   000001e9d106e928 000001e9d106e900
0x0000008515eff0d0:   fffffffffffffffe 0000000000000000
0x0000008515eff0e0:   0000000000000001 00007ff96c840000
0x0000008515eff0f0:   0000008515eff168 00007ff99ebb41fb
0x0000008515eff100:   0000000000000000 0000008515eff178
0x0000008515eff110:   0000008515eff440 00007ff99ec90e40
0x0000008515eff120:   0000000000000001 00007ff99ebb41b4
0x0000008515eff130:   0000000000000000 0000000000000001
0x0000008515eff140:   0000000000000000 0000008515eff168
0x0000008515eff150:   0000000000000001 00007ff96c8641e1
0x0000008515eff160:   00007ff96c87a138 00007ff900000002
0x0000008515eff170:   0000000000000002 0000008515eff160 

Instructions: (pc=0x00007ff96c866a87)
0x00007ff96c866987:   8b 4d 58 e8 01 cf ff ff 48 8b 4d 60 e8 f8 ce ff
0x00007ff96c866997:   ff 48 8b 95 80 00 00 00 48 8b 8d 18 01 00 00 e8
0x00007ff96c8669a7:   c6 c3 ff ff 33 d2 33 c9 e8 3c e1 ff ff 90 48 89
0x00007ff96c8669b7:   54 24 10 55 48 83 ec 20 48 8b ea 48 b8 00 00 00
0x00007ff96c8669c7:   00 00 00 00 00 48 83 c4 20 5d c3 cc 40 55 48 8b
0x00007ff96c8669d7:   ea 48 8b 01 33 c9 81 38 05 00 00 c0 0f 94 c1 8b
0x00007ff96c8669e7:   c1 5d c3 cc 40 55 48 83 ec 20 48 8b ea 8a 4d 40
0x00007ff96c8669f7:   48 83 c4 20 5d e9 f7 d2 ff ff cc 40 55 48 83 ec
0x00007ff96c866a07:   20 48 8b ea 8a 4d 20 e8 e5 d2 ff ff 90 48 83 c4
0x00007ff96c866a17:   20 5d c3 cc 40 55 48 83 ec 20 48 8b ea 48 83 c4
0x00007ff96c866a27:   20 5d e9 46 d1 ff ff cc 40 55 48 83 ec 30 48 8b
0x00007ff96c866a37:   ea 48 8b 01 8b 10 48 89 4c 24 28 89 54 24 20 4c
0x00007ff96c866a47:   8d 0d e7 d5 ff ff 4c 8b 45 70 8b 55 68 48 8b 4d
0x00007ff96c866a57:   60 e8 87 d0 ff ff 90 48 83 c4 30 5d c3 cc cc cc
0x00007ff96c866a67:   cc cc cc cc cc cc cc cc cc 40 53 48 83 ec 20 48
0x00007ff96c866a77:   8b 1d b3 30 01 00 48 85 db 74 16 e8 09 8b ff ff
0x00007ff96c866a87:   4c 8b 00 48 8b d3 48 8b c8 41 ff 90 b0 00 00 00
0x00007ff96c866a97:   90 48 83 c4 20 5b c3 cc cc 40 53 48 83 ec 20 48
0x00007ff96c866aa7:   8b 1d 2b 32 01 00 48 85 db 74 57 b8 ff ff ff ff
0x00007ff96c866ab7:   f0 0f c1 43 10 83 f8 01 75 3d 48 85 db 74 38 48
0x00007ff96c866ac7:   8b 0b 48 85 c9 74 0d ff 15 d4 07 00 00 48 c7 03
0x00007ff96c866ad7:   00 00 00 00 48 8b 4b 08 48 85 c9 74 0d e8 a7 cd
0x00007ff96c866ae7:   ff ff 48 c7 43 08 00 00 00 00 ba 18 00 00 00 48
0x00007ff96c866af7:   8b cb e8 92 cd ff ff 48 c7 05 cf 31 01 00 00 00
0x00007ff96c866b07:   00 00 48 83 c4 20 5b c3 cc 40 53 48 83 ec 20 48
0x00007ff96c866b17:   8b 1d 9b 31 01 00 48 85 db 74 57 b8 ff ff ff ff
0x00007ff96c866b27:   f0 0f c1 43 10 83 f8 01 75 3d 48 85 db 74 38 48
0x00007ff96c866b37:   8b 0b 48 85 c9 74 0d ff 15 64 07 00 00 48 c7 03
0x00007ff96c866b47:   00 00 00 00 48 8b 4b 08 48 85 c9 74 0d e8 37 cd
0x00007ff96c866b57:   ff ff 48 c7 43 08 00 00 00 00 ba 18 00 00 00 48
0x00007ff96c866b67:   8b cb e8 22 cd ff ff 48 c7 05 3f 31 01 00 00 00
0x00007ff96c866b77:   00 00 48 83 c4 20 5b c3 cc 40 53 48 83 ec 20 48 


Stack slot to memory mapping:
stack at sp + 0 slots: 0x0 is NULL
stack at sp + 1 slots: 0x000001e9d106e900 points into unknown readable memory: 0x6c86bf054338cb59 | 59 cb 38 43 05 bf 86 6c
stack at sp + 2 slots: 0x00007ff9331a2940 jvm.dll
stack at sp + 3 slots: 0x00007ff96c864354 glass.dll
stack at sp + 4 slots: 0x000001e9d106e908 points into unknown readable memory: 0x000081694338b4a0 | a0 b4 38 43 69 81 00 00
stack at sp + 5 slots: 0x00007ff99ebb42d6 ucrtbase.dll
stack at sp + 6 slots: 0x000081694338b4a0 is an unknown value
stack at sp + 7 slots: 0x000001e900000000 is an unknown value

VM_Operation (0x0000008516ef8290): Exit, mode: safepoint, requested by thread 0x000001e9d0421df0


---------------  P R O C E S S  ---------------

Threads class SMR info:
_java_thread_list=0x000001e9de3c9b00, length=18, elements={
0x000001e9b127e8f0, 0x000001e9cf2ab0a0, 0x000001e9cf2abf10, 0x000001e9cf2c5370,
0x000001e9cf2c5d20, 0x000001e9cf2c76e0, 0x000001e9cf2d3980, 0x000001e9cf2d6040,
0x000001e9cf2e8a30, 0x000001e9b135d970, 0x000001e9d0474520, 0x000001e9d009b850,
0x000001e9d0bc5440, 0x000001e9d0421df0, 0x000001e9d12046a0, 0x000001e9d1200bc0,
0x000001e9db8206b0, 0x000001e9db81e500
}

Java Threads: ( => current thread )
  0x000001e9b127e8f0 JavaThread "main" [_thread_blocked, id=6420, stack(0x0000008515800000,0x0000008515900000)]
  0x000001e9cf2ab0a0 JavaThread "Reference Handler" daemon [_thread_blocked, id=5956, stack(0x0000008515f00000,0x0000008516000000)]
  0x000001e9cf2abf10 JavaThread "Finalizer" daemon [_thread_blocked, id=9500, stack(0x0000008516000000,0x0000008516100000)]
  0x000001e9cf2c5370 JavaThread "Attach Listener" daemon [_thread_blocked, id=18712, stack(0x0000008516200000,0x0000008516300000)]
  0x000001e9cf2c5d20 JavaThread "Service Thread" daemon [_thread_blocked, id=9588, stack(0x0000008516300000,0x0000008516400000)]
  0x000001e9cf2c76e0 JavaThread "Monitor Deflation Thread" daemon [_thread_blocked, id=19328, stack(0x0000008516400000,0x0000008516500000)]
  0x000001e9cf2d3980 JavaThread "C2 CompilerThread0" daemon [_thread_blocked, id=19984, stack(0x0000008516500000,0x0000008516600000)]
  0x000001e9cf2d6040 JavaThread "C1 CompilerThread0" daemon [_thread_blocked, id=4964, stack(0x0000008516600000,0x0000008516700000)]
  0x000001e9cf2e8a30 JavaThread "Sweeper thread" daemon [_thread_blocked, id=19856, stack(0x0000008516700000,0x0000008516800000)]
  0x000001e9b135d970 JavaThread "Common-Cleaner" daemon [_thread_blocked, id=13480, stack(0x0000008516800000,0x0000008516900000)]
  0x000001e9d0474520 JavaThread "Notification Thread" daemon [_thread_blocked, id=18200, stack(0x0000008516b00000,0x0000008516c00000)]
  0x000001e9d009b850 JavaThread "QuantumRenderer-0" daemon [_thread_blocked, id=17328, stack(0x0000008516a00000,0x0000008516b00000)]
  0x000001e9d0bc5440 JavaThread "InvokeLaterDispatcher" daemon [_thread_blocked, id=18512, stack(0x0000008516900000,0x0000008516a00000)]
  0x000001e9d0421df0 JavaThread "JavaFX Application Thread" [_thread_blocked, id=11940, stack(0x0000008516e00000,0x0000008516f00000)]
  0x000001e9d12046a0 JavaThread "JavaFX-Launcher" [_thread_blocked, id=9436, stack(0x0000008517200000,0x0000008517300000)]
  0x000001e9d1200bc0 JavaThread "Thread-2" daemon [_thread_in_native, id=7612, stack(0x0000008517100000,0x0000008517200000)]
  0x000001e9db8206b0 JavaThread "Prism Font Disposer" daemon [_thread_blocked, id=11460, stack(0x0000008517d00000,0x0000008517e00000)]
  0x000001e9db81e500 JavaThread "Cleaner-0" daemon [_thread_blocked, id=16668, stack(0x0000008517e00000,0x0000008517f00000)]

Other Threads:
=>0x000001e9cf2a5090 VMThread "VM Thread" [stack: 0x0000008515e00000,0x0000008515f00000] [id=15796]
  0x000001e9b12bd850 GCTaskThread "GC Thread#0" [stack: 0x0000008515900000,0x0000008515a00000] [id=18380]
  0x000001e9d12e31c0 GCTaskThread "GC Thread#1" [stack: 0x0000008517400000,0x0000008517500000] [id=10192]
  0x000001e9d12df440 GCTaskThread "GC Thread#2" [stack: 0x0000008517500000,0x0000008517600000] [id=18616]
  0x000001e9d12e27a0 GCTaskThread "GC Thread#3" [stack: 0x0000008517600000,0x0000008517700000] [id=3232]
  0x000001e9d12e2a50 GCTaskThread "GC Thread#4" [stack: 0x0000008517700000,0x0000008517800000] [id=2444]
  0x000001e9d13a3c80 GCTaskThread "GC Thread#5" [stack: 0x0000008517800000,0x0000008517900000] [id=4888]
  0x000001e9db22ac80 GCTaskThread "GC Thread#6" [stack: 0x0000008517900000,0x0000008517a00000] [id=14728]
  0x000001e9db22c4b0 GCTaskThread "GC Thread#7" [stack: 0x0000008517f00000,0x0000008518000000] [id=12736]
  0x000001e9b12ce3d0 ConcurrentGCThread "G1 Main Marker" terminated
  0x000001e9b12cf580 ConcurrentGCThread "G1 Conc#0" [stack: 0x0000008515b00000,0x0000008515c00000] [id=8304]
  0x000001e9cf170090 ConcurrentGCThread "G1 Refine#0" terminated
  0x000001e9cf170ab0 ConcurrentGCThread "G1 Service" terminated

Threads with active compile tasks:

VM state: at safepoint (shutting down)

VM Mutex/Monitor currently owned by a thread:  ([mutex/lock_event])
[0x000001e9b1279bb0] Threads_lock - owner thread: 0x000001e9cf2a5090
[0x000001e9b1278f50] Heap_lock - owner thread: 0x000001e9d0421df0

Heap address: 0x0000000081e00000, size: 2018 MB, Compressed Oops mode: 32-bit

CDS archive(s) mapped at: [0x0000000800000000-0x0000000800bc0000-0x0000000800bc0000), size 12320768, SharedBaseAddress: 0x0000000800000000, ArchiveRelocationMode: 0.
Compressed class space mapped at: 0x0000000800c00000-0x0000000840c00000, reserved size: 1073741824
Narrow klass base: 0x0000000800000000, Narrow klass shift: 0, Narrow klass range: 0x100000000

GC Precious Log:
 CPUs: 8 total, 8 available
 Memory: 8071M
 Large Page Support: Disabled
 NUMA Support: Disabled
 Compressed Oops: Enabled (32-bit)
 Heap Region Size: 1M
 Heap Min Capacity: 8M
 Heap Initial Capacity: 128M
 Heap Max Capacity: 2018M
 Pre-touch: Disabled
 Parallel Workers: 8
 Concurrent Workers: 2
 Concurrent Refinement Workers: 8
 Periodic GC: Disabled

Heap:
 garbage-first heap   total 131072K, used 49199K [0x0000000081e00000, 0x0000000100000000)
  region size 1024K, 15 young (15360K), 4 survivors (4096K)
 Metaspace       used 16334K, committed 16640K, reserved 1064960K
  class space    used 2383K, committed 2496K, reserved 1048576K

Heap Regions: E=young(eden), S=young(survivor), O=old, HS=humongous(starts), HC=humongous(continues), CS=collection set, F=free, OA=open archive, CA=closed archive, TAMS=top-at-mark-start (previous, next)
|   0|0x0000000081e00000, 0x0000000081f00000, 0x0000000081f00000|100%| O|  |TAMS 0x0000000081e00000, 0x0000000081e00000| Untracked 
|   1|0x0000000081f00000, 0x0000000082000000, 0x0000000082000000|100%|HS|  |TAMS 0x0000000081f00000, 0x0000000081f00000| Complete 
|   2|0x0000000082000000, 0x0000000082100000, 0x0000000082100000|100%|HS|  |TAMS 0x0000000082000000, 0x0000000082000000| Complete 
|   3|0x0000000082100000, 0x0000000082200000, 0x0000000082200000|100%|HC|  |TAMS 0x0000000082100000, 0x0000000082100000| Complete 
|   4|0x0000000082200000, 0x0000000082300000, 0x0000000082300000|100%|HC|  |TAMS 0x0000000082200000, 0x0000000082200000| Complete 
|   5|0x0000000082300000, 0x0000000082400000, 0x0000000082400000|100%|HS|  |TAMS 0x0000000082300000, 0x0000000082300000| Complete 
|   6|0x0000000082400000, 0x0000000082500000, 0x0000000082500000|100%|HS|  |TAMS 0x0000000082400000, 0x0000000082400000| Complete 
|   7|0x0000000082500000, 0x0000000082600000, 0x0000000082600000|100%|HC|  |TAMS 0x0000000082500000, 0x0000000082500000| Complete 
|   8|0x0000000082600000, 0x0000000082700000, 0x0000000082700000|100%|HC|  |TAMS 0x0000000082600000, 0x0000000082600000| Complete 
|   9|0x0000000082700000, 0x0000000082700000, 0x0000000082800000|  0%| F|  |TAMS 0x0000000082700000, 0x0000000082700000| Untracked 
|  10|0x0000000082800000, 0x0000000082900000, 0x0000000082900000|100%|HS|  |TAMS 0x0000000082800000, 0x0000000082800000| Complete 
|  11|0x0000000082900000, 0x0000000082a00000, 0x0000000082a00000|100%|HC|  |TAMS 0x0000000082900000, 0x0000000082900000| Complete 
|  12|0x0000000082a00000, 0x0000000082b00000, 0x0000000082b00000|100%|HC|  |TAMS 0x0000000082a00000, 0x0000000082a00000| Complete 
|  13|0x0000000082b00000, 0x0000000082b00000, 0x0000000082c00000|  0%| F|  |TAMS 0x0000000082b00000, 0x0000000082b00000| Untracked 
|  14|0x0000000082c00000, 0x0000000082d00000, 0x0000000082d00000|100%|HS|  |TAMS 0x0000000082c00000, 0x0000000082c00000| Complete 
|  15|0x0000000082d00000, 0x0000000082e00000, 0x0000000082e00000|100%|HC|  |TAMS 0x0000000082d00000, 0x0000000082d00000| Complete 
|  16|0x0000000082e00000, 0x0000000082f00000, 0x0000000082f00000|100%|HC|  |TAMS 0x0000000082e00000, 0x0000000082e00000| Complete 
|  17|0x0000000082f00000, 0x0000000083000000, 0x0000000083000000|100%|HC|  |TAMS 0x0000000082f00000, 0x0000000082f00000| Complete 
|  18|0x0000000083000000, 0x0000000083100000, 0x0000000083100000|100%|HS|  |TAMS 0x0000000083000000, 0x0000000083000000| Complete 
|  19|0x0000000083100000, 0x0000000083200000, 0x0000000083200000|100%|HC|  |TAMS 0x0000000083100000, 0x0000000083100000| Complete 
|  20|0x0000000083200000, 0x0000000083200000, 0x0000000083300000|  0%| F|  |TAMS 0x0000000083200000, 0x0000000083200000| Untracked 
|  21|0x0000000083300000, 0x0000000083400000, 0x0000000083400000|100%|HS|  |TAMS 0x0000000083300000, 0x0000000083300000| Complete 
|  22|0x0000000083400000, 0x0000000083500000, 0x0000000083500000|100%|HC|  |TAMS 0x0000000083400000, 0x0000000083400000| Complete 
|  23|0x0000000083500000, 0x0000000083600000, 0x0000000083600000|100%|HC|  |TAMS 0x0000000083500000, 0x0000000083500000| Complete 
|  24|0x0000000083600000, 0x0000000083700000, 0x0000000083700000|100%|HC|  |TAMS 0x0000000083600000, 0x0000000083600000| Complete 
|  25|0x0000000083700000, 0x0000000083700000, 0x0000000083800000|  0%| F|  |TAMS 0x0000000083700000, 0x0000000083700000| Untracked 
|  26|0x0000000083800000, 0x0000000083900000, 0x0000000083900000|100%|HS|  |TAMS 0x0000000083800000, 0x0000000083800000| Complete 
|  27|0x0000000083900000, 0x0000000083a00000, 0x0000000083a00000|100%|HC|  |TAMS 0x0000000083900000, 0x0000000083900000| Complete 
|  28|0x0000000083a00000, 0x0000000083b00000, 0x0000000083b00000|100%|HC|  |TAMS 0x0000000083a00000, 0x0000000083a00000| Complete 
|  29|0x0000000083b00000, 0x0000000083c00000, 0x0000000083c00000|100%| O|  |TAMS 0x0000000083b00000, 0x0000000083b00000| Untracked 
|  30|0x0000000083c00000, 0x0000000083d00000, 0x0000000083d00000|100%| O|  |TAMS 0x0000000083c00000, 0x0000000083c00000| Untracked 
|  31|0x0000000083d00000, 0x0000000083d2f200, 0x0000000083e00000| 18%| O|  |TAMS 0x0000000083d00000, 0x0000000083d00000| Untracked 
|  32|0x0000000083e00000, 0x0000000083f00000, 0x0000000083f00000|100%|HS|  |TAMS 0x0000000083e00000, 0x0000000083e00000| Complete 
|  33|0x0000000083f00000, 0x0000000084000000, 0x0000000084000000|100%|HC|  |TAMS 0x0000000083f00000, 0x0000000083f00000| Complete 
|  34|0x0000000084000000, 0x0000000084100000, 0x0000000084100000|100%|HC|  |TAMS 0x0000000084000000, 0x0000000084000000| Complete 
|  35|0x0000000084100000, 0x0000000084200000, 0x0000000084200000|100%|HS|  |TAMS 0x0000000084100000, 0x0000000084100000| Complete 
|  36|0x0000000084200000, 0x0000000084300000, 0x0000000084300000|100%|HC|  |TAMS 0x0000000084200000, 0x0000000084200000| Complete 
|  37|0x0000000084300000, 0x0000000084400000, 0x0000000084400000|100%|HC|  |TAMS 0x0000000084300000, 0x0000000084300000| Complete 
|  38|0x0000000084400000, 0x0000000084500000, 0x0000000084500000|100%|HC|  |TAMS 0x0000000084400000, 0x0000000084400000| Complete 
|  39|0x0000000084500000, 0x0000000084500000, 0x0000000084600000|  0%| F|  |TAMS 0x0000000084500000, 0x0000000084500000| Untracked 
|  40|0x0000000084600000, 0x0000000084600000, 0x0000000084700000|  0%| F|  |TAMS 0x0000000084600000, 0x0000000084600000| Untracked 
|  41|0x0000000084700000, 0x0000000084700000, 0x0000000084800000|  0%| F|  |TAMS 0x0000000084700000, 0x0000000084700000| Untracked 
|  42|0x0000000084800000, 0x0000000084800000, 0x0000000084900000|  0%| F|  |TAMS 0x0000000084800000, 0x0000000084800000| Untracked 
|  43|0x0000000084900000, 0x0000000084900000, 0x0000000084a00000|  0%| F|  |TAMS 0x0000000084900000, 0x0000000084900000| Untracked 
|  44|0x0000000084a00000, 0x0000000084a00000, 0x0000000084b00000|  0%| F|  |TAMS 0x0000000084a00000, 0x0000000084a00000| Untracked 
|  45|0x0000000084b00000, 0x0000000084b00000, 0x0000000084c00000|  0%| F|  |TAMS 0x0000000084b00000, 0x0000000084b00000| Untracked 
|  46|0x0000000084c00000, 0x0000000084c00000, 0x0000000084d00000|  0%| F|  |TAMS 0x0000000084c00000, 0x0000000084c00000| Untracked 
|  47|0x0000000084d00000, 0x0000000084d00000, 0x0000000084e00000|  0%| F|  |TAMS 0x0000000084d00000, 0x0000000084d00000| Untracked 
|  48|0x0000000084e00000, 0x0000000084e00000, 0x0000000084f00000|  0%| F|  |TAMS 0x0000000084e00000, 0x0000000084e00000| Untracked 
|  49|0x0000000084f00000, 0x0000000084f00000, 0x0000000085000000|  0%| F|  |TAMS 0x0000000084f00000, 0x0000000084f00000| Untracked 
|  50|0x0000000085000000, 0x0000000085000000, 0x0000000085100000|  0%| F|  |TAMS 0x0000000085000000, 0x0000000085000000| Untracked 
|  51|0x0000000085100000, 0x0000000085100000, 0x0000000085200000|  0%| F|  |TAMS 0x0000000085100000, 0x0000000085100000| Untracked 
|  52|0x0000000085200000, 0x0000000085200000, 0x0000000085300000|  0%| F|  |TAMS 0x0000000085200000, 0x0000000085200000| Untracked 
|  53|0x0000000085300000, 0x0000000085300000, 0x0000000085400000|  0%| F|  |TAMS 0x0000000085300000, 0x0000000085300000| Untracked 
|  54|0x0000000085400000, 0x0000000085400000, 0x0000000085500000|  0%| F|  |TAMS 0x0000000085400000, 0x0000000085400000| Untracked 
|  55|0x0000000085500000, 0x0000000085500000, 0x0000000085600000|  0%| F|  |TAMS 0x0000000085500000, 0x0000000085500000| Untracked 
|  56|0x0000000085600000, 0x0000000085600000, 0x0000000085700000|  0%| F|  |TAMS 0x0000000085600000, 0x0000000085600000| Untracked 
|  57|0x0000000085700000, 0x0000000085700000, 0x0000000085800000|  0%| F|  |TAMS 0x0000000085700000, 0x0000000085700000| Untracked 
|  58|0x0000000085800000, 0x0000000085800000, 0x0000000085900000|  0%| F|  |TAMS 0x0000000085800000, 0x0000000085800000| Untracked 
|  59|0x0000000085900000, 0x0000000085900000, 0x0000000085a00000|  0%| F|  |TAMS 0x0000000085900000, 0x0000000085900000| Untracked 
|  60|0x0000000085a00000, 0x0000000085a00000, 0x0000000085b00000|  0%| F|  |TAMS 0x0000000085a00000, 0x0000000085a00000| Untracked 
|  61|0x0000000085b00000, 0x0000000085b00000, 0x0000000085c00000|  0%| F|  |TAMS 0x0000000085b00000, 0x0000000085b00000| Untracked 
|  62|0x0000000085c00000, 0x0000000085c00000, 0x0000000085d00000|  0%| F|  |TAMS 0x0000000085c00000, 0x0000000085c00000| Untracked 
|  63|0x0000000085d00000, 0x0000000085d00000, 0x0000000085e00000|  0%| F|  |TAMS 0x0000000085d00000, 0x0000000085d00000| Untracked 
|  64|0x0000000085e00000, 0x0000000085e00000, 0x0000000085f00000|  0%| F|  |TAMS 0x0000000085e00000, 0x0000000085e00000| Untracked 
|  65|0x0000000085f00000, 0x0000000085f00000, 0x0000000086000000|  0%| F|  |TAMS 0x0000000085f00000, 0x0000000085f00000| Untracked 
|  66|0x0000000086000000, 0x0000000086000000, 0x0000000086100000|  0%| F|  |TAMS 0x0000000086000000, 0x0000000086000000| Untracked 
|  67|0x0000000086100000, 0x0000000086100000, 0x0000000086200000|  0%| F|  |TAMS 0x0000000086100000, 0x0000000086100000| Untracked 
|  68|0x0000000086200000, 0x0000000086200000, 0x0000000086300000|  0%| F|  |TAMS 0x0000000086200000, 0x0000000086200000| Untracked 
|  69|0x0000000086300000, 0x0000000086300000, 0x0000000086400000|  0%| F|  |TAMS 0x0000000086300000, 0x0000000086300000| Untracked 
|  70|0x0000000086400000, 0x0000000086400000, 0x0000000086500000|  0%| F|  |TAMS 0x0000000086400000, 0x0000000086400000| Untracked 
|  71|0x0000000086500000, 0x0000000086500000, 0x0000000086600000|  0%| F|  |TAMS 0x0000000086500000, 0x0000000086500000| Untracked 
|  72|0x0000000086600000, 0x0000000086600000, 0x0000000086700000|  0%| F|  |TAMS 0x0000000086600000, 0x0000000086600000| Untracked 
|  73|0x0000000086700000, 0x0000000086700000, 0x0000000086800000|  0%| F|  |TAMS 0x0000000086700000, 0x0000000086700000| Untracked 
|  74|0x0000000086800000, 0x0000000086800000, 0x0000000086900000|  0%| F|  |TAMS 0x0000000086800000, 0x0000000086800000| Untracked 
|  75|0x0000000086900000, 0x0000000086900000, 0x0000000086a00000|  0%| F|  |TAMS 0x0000000086900000, 0x0000000086900000| Untracked 
|  76|0x0000000086a00000, 0x0000000086a00000, 0x0000000086b00000|  0%| F|  |TAMS 0x0000000086a00000, 0x0000000086a00000| Untracked 
|  77|0x0000000086b00000, 0x0000000086b00000, 0x0000000086c00000|  0%| F|  |TAMS 0x0000000086b00000, 0x0000000086b00000| Untracked 
|  78|0x0000000086c00000, 0x0000000086c00000, 0x0000000086d00000|  0%| F|  |TAMS 0x0000000086c00000, 0x0000000086c00000| Untracked 
|  79|0x0000000086d00000, 0x0000000086d00000, 0x0000000086e00000|  0%| F|  |TAMS 0x0000000086d00000, 0x0000000086d00000| Untracked 
|  80|0x0000000086e00000, 0x0000000086e00000, 0x0000000086f00000|  0%| F|  |TAMS 0x0000000086e00000, 0x0000000086e00000| Untracked 
|  81|0x0000000086f00000, 0x0000000086f00000, 0x0000000087000000|  0%| F|  |TAMS 0x0000000086f00000, 0x0000000086f00000| Untracked 
|  82|0x0000000087000000, 0x0000000087000000, 0x0000000087100000|  0%| F|  |TAMS 0x0000000087000000, 0x0000000087000000| Untracked 
|  83|0x0000000087100000, 0x0000000087100000, 0x0000000087200000|  0%| F|  |TAMS 0x0000000087100000, 0x0000000087100000| Untracked 
|  84|0x0000000087200000, 0x0000000087200000, 0x0000000087300000|  0%| F|  |TAMS 0x0000000087200000, 0x0000000087200000| Untracked 
|  85|0x0000000087300000, 0x0000000087300000, 0x0000000087400000|  0%| F|  |TAMS 0x0000000087300000, 0x0000000087300000| Untracked 
|  86|0x0000000087400000, 0x0000000087400000, 0x0000000087500000|  0%| F|  |TAMS 0x0000000087400000, 0x0000000087400000| Untracked 
|  87|0x0000000087500000, 0x0000000087500000, 0x0000000087600000|  0%| F|  |TAMS 0x0000000087500000, 0x0000000087500000| Untracked 
|  88|0x0000000087600000, 0x0000000087600000, 0x0000000087700000|  0%| F|  |TAMS 0x0000000087600000, 0x0000000087600000| Untracked 
|  89|0x0000000087700000, 0x0000000087700000, 0x0000000087800000|  0%| F|  |TAMS 0x0000000087700000, 0x0000000087700000| Untracked 
|  90|0x0000000087800000, 0x00000000878dcd50, 0x0000000087900000| 86%| S|CS|TAMS 0x0000000087800000, 0x0000000087800000| Complete 
|  91|0x0000000087900000, 0x0000000087a00000, 0x0000000087a00000|100%| S|CS|TAMS 0x0000000087900000, 0x0000000087900000| Complete 
|  92|0x0000000087a00000, 0x0000000087b00000, 0x0000000087b00000|100%| S|CS|TAMS 0x0000000087a00000, 0x0000000087a00000| Complete 
|  93|0x0000000087b00000, 0x0000000087c00000, 0x0000000087c00000|100%| S|CS|TAMS 0x0000000087b00000, 0x0000000087b00000| Complete 
|  94|0x0000000087c00000, 0x0000000087c00000, 0x0000000087d00000|  0%| F|  |TAMS 0x0000000087c00000, 0x0000000087c00000| Untracked 
|  95|0x0000000087d00000, 0x0000000087d00000, 0x0000000087e00000|  0%| F|  |TAMS 0x0000000087d00000, 0x0000000087d00000| Untracked 
|  96|0x0000000087e00000, 0x0000000087e00000, 0x0000000087f00000|  0%| F|  |TAMS 0x0000000087e00000, 0x0000000087e00000| Untracked 
|  97|0x0000000087f00000, 0x0000000087f00000, 0x0000000088000000|  0%| F|  |TAMS 0x0000000087f00000, 0x0000000087f00000| Untracked 
|  98|0x0000000088000000, 0x0000000088000000, 0x0000000088100000|  0%| F|  |TAMS 0x0000000088000000, 0x0000000088000000| Untracked 
|  99|0x0000000088100000, 0x0000000088100000, 0x0000000088200000|  0%| F|  |TAMS 0x0000000088100000, 0x0000000088100000| Untracked 
| 100|0x0000000088200000, 0x0000000088200000, 0x0000000088300000|  0%| F|  |TAMS 0x0000000088200000, 0x0000000088200000| Untracked 
| 101|0x0000000088300000, 0x0000000088300000, 0x0000000088400000|  0%| F|  |TAMS 0x0000000088300000, 0x0000000088300000| Untracked 
| 102|0x0000000088400000, 0x0000000088400000, 0x0000000088500000|  0%| F|  |TAMS 0x0000000088400000, 0x0000000088400000| Untracked 
| 103|0x0000000088500000, 0x0000000088500000, 0x0000000088600000|  0%| F|  |TAMS 0x0000000088500000, 0x0000000088500000| Untracked 
| 104|0x0000000088600000, 0x0000000088600000, 0x0000000088700000|  0%| F|  |TAMS 0x0000000088600000, 0x0000000088600000| Untracked 
| 105|0x0000000088700000, 0x0000000088700000, 0x0000000088800000|  0%| F|  |TAMS 0x0000000088700000, 0x0000000088700000| Untracked 
| 106|0x0000000088800000, 0x0000000088800000, 0x0000000088900000|  0%| F|  |TAMS 0x0000000088800000, 0x0000000088800000| Untracked 
| 107|0x0000000088900000, 0x0000000088900000, 0x0000000088a00000|  0%| F|  |TAMS 0x0000000088900000, 0x0000000088900000| Untracked 
| 108|0x0000000088a00000, 0x0000000088a00000, 0x0000000088b00000|  0%| F|  |TAMS 0x0000000088a00000, 0x0000000088a00000| Untracked 
| 109|0x0000000088b00000, 0x0000000088b00000, 0x0000000088c00000|  0%| F|  |TAMS 0x0000000088b00000, 0x0000000088b00000| Untracked 
| 110|0x0000000088c00000, 0x0000000088c00000, 0x0000000088d00000|  0%| F|  |TAMS 0x0000000088c00000, 0x0000000088c00000| Untracked 
| 111|0x0000000088d00000, 0x0000000088d00000, 0x0000000088e00000|  0%| F|  |TAMS 0x0000000088d00000, 0x0000000088d00000| Untracked 
| 112|0x0000000088e00000, 0x0000000088e00000, 0x0000000088f00000|  0%| F|  |TAMS 0x0000000088e00000, 0x0000000088e00000| Untracked 
| 113|0x0000000088f00000, 0x0000000088f00000, 0x0000000089000000|  0%| F|  |TAMS 0x0000000088f00000, 0x0000000088f00000| Untracked 
| 114|0x0000000089000000, 0x0000000089000000, 0x0000000089100000|  0%| F|  |TAMS 0x0000000089000000, 0x0000000089000000| Untracked 
| 115|0x0000000089100000, 0x0000000089100000, 0x0000000089200000|  0%| F|  |TAMS 0x0000000089100000, 0x0000000089100000| Untracked 
| 116|0x0000000089200000, 0x0000000089200000, 0x0000000089300000|  0%| F|  |TAMS 0x0000000089200000, 0x0000000089200000| Untracked 
| 117|0x0000000089300000, 0x0000000089373360, 0x0000000089400000| 45%| E|  |TAMS 0x0000000089300000, 0x0000000089300000| Complete 
| 118|0x0000000089400000, 0x0000000089500000, 0x0000000089500000|100%| E|CS|TAMS 0x0000000089400000, 0x0000000089400000| Complete 
| 119|0x0000000089500000, 0x0000000089600000, 0x0000000089600000|100%| E|CS|TAMS 0x0000000089500000, 0x0000000089500000| Complete 
| 120|0x0000000089600000, 0x0000000089700000, 0x0000000089700000|100%| E|CS|TAMS 0x0000000089600000, 0x0000000089600000| Complete 
| 121|0x0000000089700000, 0x0000000089800000, 0x0000000089800000|100%| E|CS|TAMS 0x0000000089700000, 0x0000000089700000| Complete 
| 122|0x0000000089800000, 0x0000000089900000, 0x0000000089900000|100%| E|CS|TAMS 0x0000000089800000, 0x0000000089800000| Complete 
| 123|0x0000000089900000, 0x0000000089a00000, 0x0000000089a00000|100%| E|CS|TAMS 0x0000000089900000, 0x0000000089900000| Complete 
| 124|0x0000000089a00000, 0x0000000089b00000, 0x0000000089b00000|100%| E|CS|TAMS 0x0000000089a00000, 0x0000000089a00000| Complete 
| 125|0x0000000089b00000, 0x0000000089c00000, 0x0000000089c00000|100%| E|CS|TAMS 0x0000000089b00000, 0x0000000089b00000| Complete 
| 126|0x0000000089c00000, 0x0000000089d00000, 0x0000000089d00000|100%| E|CS|TAMS 0x0000000089c00000, 0x0000000089c00000| Complete 
| 127|0x0000000089d00000, 0x0000000089e00000, 0x0000000089e00000|100%| E|CS|TAMS 0x0000000089d00000, 0x0000000089d00000| Complete 

Card table byte_map: [0x000001e9c81c0000,0x000001e9c85c0000] _byte_map_base: 0x000001e9c7db1000

Marking Bits (Prev, Next): (CMBitMap*) 0x000001e9b12bde60, (CMBitMap*) 0x000001e9b12bdea0
 Prev Bits: [0x000001e9c89c0000, 0x000001e9ca948000)
 Next Bits: [0x000001e9ca950000, 0x000001e9cc8d8000)

Polling page: 0x000001e9b0a60000

Metaspace:

Usage:
  Non-class:     13.62 MB used.
      Class:      2.33 MB used.
       Both:     15.95 MB used.

Virtual space:
  Non-class space:       16.00 MB reserved,      13.81 MB ( 86%) committed,  2 nodes.
      Class space:        1.00 GB reserved,       2.44 MB ( <1%) committed,  1 nodes.
             Both:        1.02 GB reserved,      16.25 MB (  2%) committed. 

Chunk freelists:
   Non-Class:  2.05 MB
       Class:  1.59 MB
        Both:  3.64 MB

MaxMetaspaceSize: unlimited
CompressedClassSpaceSize: 1.00 GB
Initial GC threshold: 21.00 MB
Current GC threshold: 21.00 MB
CDS: on
MetaspaceReclaimPolicy: balanced
 - commit_granule_bytes: 65536.
 - commit_granule_words: 8192.
 - virtual_space_node_default_size: 1048576.
 - enlarge_chunks_in_place: 1.
 - new_chunks_are_fully_committed: 0.
 - uncommit_free_chunks: 1.
 - use_allocation_guard: 0.
 - handle_deallocations: 1.


Internal statistics:

num_allocs_failed_limit: 0.
num_arena_births: 236.
num_arena_deaths: 0.
num_vsnodes_births: 3.
num_vsnodes_deaths: 0.
num_space_committed: 260.
num_space_uncommitted: 0.
num_chunks_returned_to_freelist: 0.
num_chunks_taken_from_freelist: 787.
num_chunk_merges: 0.
num_chunk_splits: 536.
num_chunks_enlarged: 419.
num_purges: 0.
num_inconsistent_stats: 0.

CodeHeap 'non-profiled nmethods': size=120000Kb used=1357Kb max_used=1357Kb free=118642Kb
 bounds [0x000001e9c0560000, 0x000001e9c07d0000, 0x000001e9c7a90000]
CodeHeap 'profiled nmethods': size=120000Kb used=5324Kb max_used=5324Kb free=114675Kb
 bounds [0x000001e9b9030000, 0x000001e9b9570000, 0x000001e9c0560000]
CodeHeap 'non-nmethods': size=5760Kb used=1424Kb max_used=1496Kb free=4335Kb
 bounds [0x000001e9b8a90000, 0x000001e9b8d00000, 0x000001e9b9030000]
 total_blobs=3710 nmethods=2922 adapters=699
 compilation: enabled
              stopped_count=0, restarted_count=0
 full_count=0

Compilation events (20 events):
Event: 6.382 Thread 0x000001e9cf2d6040 2917       3       java.nio.Buffer::flip (20 bytes)
Event: 6.382 Thread 0x000001e9cf2d3980 2916       4       sun.nio.cs.SingleByte$Encoder::encode (32 bytes)
Event: 6.382 Thread 0x000001e9cf2d6040 nmethod 2917 0x000001e9b955d610 code [0x000001e9b955d7a0, 0x000001e9b955d8b8]
Event: 6.382 Thread 0x000001e9cf2d6040 2918       3       java.nio.charset.CoderResult::isOverflow (14 bytes)
Event: 6.383 Thread 0x000001e9cf2d6040 nmethod 2918 0x000001e9b955d990 code [0x000001e9b955db20, 0x000001e9b955dc98]
Event: 6.383 Thread 0x000001e9cf2d6040 2919       3       java.lang.String::valueOf (15 bytes)
Event: 6.383 Thread 0x000001e9cf2d6040 nmethod 2919 0x000001e9b955dd10 code [0x000001e9b955dec0, 0x000001e9b955e0c8]
Event: 6.383 Thread 0x000001e9cf2d6040 2920       3       java.nio.CharBuffer::position (6 bytes)
Event: 6.383 Thread 0x000001e9cf2d6040 nmethod 2920 0x000001e9b955e190 code [0x000001e9b955e340, 0x000001e9b955e4e8]
Event: 6.383 Thread 0x000001e9cf2d6040 2923       3       java.lang.StringLatin1::getChars (12 bytes)
Event: 6.383 Thread 0x000001e9cf2d6040 nmethod 2923 0x000001e9b955e590 code [0x000001e9b955e720, 0x000001e9b955e848]
Event: 6.383 Thread 0x000001e9cf2d6040 2921       3       java.io.BufferedWriter::ensureOpen (18 bytes)
Event: 6.383 Thread 0x000001e9cf2d6040 nmethod 2921 0x000001e9b955e910 code [0x000001e9b955eac0, 0x000001e9b955ecc8]
Event: 6.383 Thread 0x000001e9cf2d6040 2924       3       sun.nio.cs.SingleByte$Encoder::encodeArrayLoop (233 bytes)
Event: 6.384 Thread 0x000001e9cf2d3980 nmethod 2916 0x000001e9c06b3090 code [0x000001e9c06b3220, 0x000001e9c06b3358]
Event: 6.385 Thread 0x000001e9cf2d6040 nmethod 2924 0x000001e9b955ed90 code [0x000001e9b955f2a0, 0x000001e9b95619d8]
Event: 6.385 Thread 0x000001e9cf2d6040 2925  s    3       java.io.BufferedOutputStream::flush (12 bytes)
Event: 6.385 Thread 0x000001e9cf2d6040 nmethod 2925 0x000001e9b9562790 code [0x000001e9b9562960, 0x000001e9b9562d78]
Event: 6.385 Thread 0x000001e9cf2d6040 2922       3       java.nio.CharBuffer::hasArray (20 bytes)
Event: 6.385 Thread 0x000001e9cf2d6040 nmethod 2922 0x000001e9b9562e90 code [0x000001e9b9563020, 0x000001e9b95631d8]

GC Heap History (4 events):
Event: 0.965 GC heap before
{Heap before GC invocations=0 (full 0):
 garbage-first heap   total 131072K, used 22528K [0x0000000081e00000, 0x0000000100000000)
  region size 1024K, 23 young (23552K), 0 survivors (0K)
 Metaspace       used 5859K, committed 6080K, reserved 1056768K
  class space    used 715K, committed 832K, reserved 1048576K
}
Event: 0.968 GC heap after
{Heap after GC invocations=1 (full 0):
 garbage-first heap   total 131072K, used 3125K [0x0000000081e00000, 0x0000000100000000)
  region size 1024K, 3 young (3072K), 3 survivors (3072K)
 Metaspace       used 5859K, committed 6080K, reserved 1056768K
  class space    used 715K, committed 832K, reserved 1048576K
}
Event: 2.423 GC heap before
{Heap before GC invocations=1 (full 0):
 garbage-first heap   total 131072K, used 63541K [0x0000000081e00000, 0x0000000100000000)
  region size 1024K, 34 young (34816K), 3 survivors (3072K)
 Metaspace       used 14177K, committed 14400K, reserved 1064960K
  class space    used 2060K, committed 2176K, reserved 1048576K
}
Event: 2.429 GC heap after
{Heap after GC invocations=2 (full 0):
 garbage-first heap   total 131072K, used 29743K [0x0000000081e00000, 0x0000000100000000)
  region size 1024K, 4 young (4096K), 4 survivors (4096K)
 Metaspace       used 14177K, committed 14400K, reserved 1064960K
  class space    used 2060K, committed 2176K, reserved 1048576K
}

Deoptimization events (20 events):
Event: 6.370 Thread 0x000001e9d0421df0 Uncommon trap: trap_request=0xffffff45 fr.pc=0x000001e9c05b67c8 relative=0x00000000000001a8
Event: 6.370 Thread 0x000001e9d0421df0 Uncommon trap: reason=unstable_if action=reinterpret pc=0x000001e9c05b67c8 method=java.lang.String.startsWith(Ljava/lang/String;I)Z @ 50 c2
Event: 6.370 Thread 0x000001e9d0421df0 DEOPT PACKING pc=0x000001e9c05b67c8 sp=0x0000008516ef8490
Event: 6.370 Thread 0x000001e9d0421df0 DEOPT UNPACKING pc=0x000001e9b8ae23a3 sp=0x0000008516ef83f0 mode 2
Event: 6.370 Thread 0x000001e9d0421df0 Uncommon trap: trap_request=0xffffff45 fr.pc=0x000001e9c059223c relative=0x000000000000019c
Event: 6.371 Thread 0x000001e9d0421df0 Uncommon trap: reason=unstable_if action=reinterpret pc=0x000001e9c059223c method=java.lang.String.indexOf(II)I @ 4 c2
Event: 6.371 Thread 0x000001e9d0421df0 DEOPT PACKING pc=0x000001e9c059223c sp=0x0000008516ef8350
Event: 6.371 Thread 0x000001e9d0421df0 DEOPT UNPACKING pc=0x000001e9b8ae23a3 sp=0x0000008516ef82f0 mode 2
Event: 6.371 Thread 0x000001e9d0421df0 Uncommon trap: trap_request=0xffffff45 fr.pc=0x000001e9c056e248 relative=0x0000000000000048
Event: 6.371 Thread 0x000001e9d0421df0 Uncommon trap: reason=unstable_if action=reinterpret pc=0x000001e9c056e248 method=java.lang.CharacterData.of(I)Ljava/lang/CharacterData; @ 4 c2
Event: 6.371 Thread 0x000001e9d0421df0 DEOPT PACKING pc=0x000001e9c056e248 sp=0x0000008516ef8280
Event: 6.371 Thread 0x000001e9d0421df0 DEOPT UNPACKING pc=0x000001e9b8ae23a3 sp=0x0000008516ef8220 mode 2
Event: 6.375 Thread 0x000001e9d0421df0 Uncommon trap: trap_request=0xffffff45 fr.pc=0x000001e9c05a9268 relative=0x0000000000000528
Event: 6.375 Thread 0x000001e9d0421df0 Uncommon trap: reason=unstable_if action=reinterpret pc=0x000001e9c05a9268 method=java.lang.AbstractStringBuilder.putStringAt(ILjava/lang/String;II)V @ 8 c2
Event: 6.375 Thread 0x000001e9d0421df0 DEOPT PACKING pc=0x000001e9c05a9268 sp=0x0000008516ef8280
Event: 6.375 Thread 0x000001e9d0421df0 DEOPT UNPACKING pc=0x000001e9b8ae23a3 sp=0x0000008516ef8108 mode 2
Event: 6.375 Thread 0x000001e9d0421df0 Uncommon trap: trap_request=0xffffff45 fr.pc=0x000001e9c05a74e4 relative=0x0000000000000524
Event: 6.375 Thread 0x000001e9d0421df0 Uncommon trap: reason=unstable_if action=reinterpret pc=0x000001e9c05a74e4 method=java.lang.AbstractStringBuilder.putStringAt(ILjava/lang/String;II)V @ 8 c2
Event: 6.375 Thread 0x000001e9d0421df0 DEOPT PACKING pc=0x000001e9c05a74e4 sp=0x0000008516ef8220
Event: 6.375 Thread 0x000001e9d0421df0 DEOPT UNPACKING pc=0x000001e9b8ae23a3 sp=0x0000008516ef8110 mode 2

Classes unloaded (0 events):
No events

Classes redefined (0 events):
No events

Internal exceptions (20 events):
Event: 1.280 Thread 0x000001e9d0421df0 Implicit null exception at 0x000001e9c0585a8f to 0x000001e9c0585b09
Event: 1.365 Thread 0x000001e9d0421df0 Exception <a 'java/io/FileNotFoundException'{0x00000000890c07c0}> (0x00000000890c07c0) 
thrown [t:\workspace\open\src\hotspot\share\prims\jni.cpp, line 516]
Event: 1.452 Thread 0x000001e9d0421df0 Exception <a 'java/lang/NoSuchMethodError'{0x0000000088d842f8}: 'java.lang.Object java.lang.invoke.DirectMethodHandle$Holder.invokeInterface(java.lang.Object, java.lang.Object, java.lang.Object)'> (0x0000000088d842f8) 
thrown [t:\workspace\open\src\hotspot\share\interpreter\linkResolver.cpp, line 766]
Event: 1.452 Thread 0x000001e9d0421df0 Exception <a 'java/lang/IncompatibleClassChangeError'{0x0000000088d87c80}: Found class java.lang.Object, but interface was expected> (0x0000000088d87c80) 
thrown [t:\workspace\open\src\hotspot\share\interpreter\linkResolver.cpp, line 833]
Event: 1.500 Thread 0x000001e9d0421df0 Exception <a 'java/lang/NoSuchMethodError'{0x0000000088b69c48}: 'java.lang.Object java.lang.invoke.DirectMethodHandle$Holder.newInvokeSpecial(java.lang.Object, java.lang.Object, int)'> (0x0000000088b69c48) 
thrown [t:\workspace\open\src\hotspot\share\interpreter\linkResolver.cpp, line 766]
Event: 1.522 Thread 0x000001e9d009b850 Exception <a 'java/lang/NoSuchMethodError'{0x0000000088a1aa28}: 'int java.lang.invoke.DirectMethodHandle$Holder.invokeStaticInit(java.lang.Object, java.lang.Object)'> (0x0000000088a1aa28) 
thrown [t:\workspace\open\src\hotspot\share\interpreter\linkResolver.cpp, line 766]
Event: 2.178 Thread 0x000001e9d0421df0 Exception <a 'java/lang/NoSuchMethodError'{0x000000008833a950}: 'long java.lang.invoke.DirectMethodHandle$Holder.invokeStatic(java.lang.Object, java.lang.Object, java.lang.Object)'> (0x000000008833a950) 
thrown [t:\workspace\open\src\hotspot\share\interpreter\linkResolver.cpp, line 766]
Event: 2.178 Thread 0x000001e9d0421df0 Exception <a 'java/lang/NoSuchMethodError'{0x000000008833e0f8}: 'long java.lang.invoke.DirectMethodHandle$Holder.invokeStaticInit(java.lang.Object, java.lang.Object, java.lang.Object)'> (0x000000008833e0f8) 
thrown [t:\workspace\open\src\hotspot\share\interpreter\linkResolver.cpp, line 766]
Event: 2.181 Thread 0x000001e9d0421df0 Exception <a 'java/lang/NoSuchMethodError'{0x0000000088355d00}: 'java.lang.Object java.lang.invoke.DirectMethodHandle$Holder.newInvokeSpecial(java.lang.Object, java.lang.Object, long)'> (0x0000000088355d00) 
thrown [t:\workspace\open\src\hotspot\share\interpreter\linkResolver.cpp, line 766]
Event: 2.182 Thread 0x000001e9d0421df0 Exception <a 'java/lang/NoSuchMethodError'{0x0000000088359870}: 'java.lang.Object java.lang.invoke.Invokers$Holder.linkToTargetMethod(java.lang.Object, long, java.lang.Object)'> (0x0000000088359870) 
thrown [t:\workspace\open\src\hotspot\share\interpreter\linkResolver.cpp, line 766]
Event: 2.369 Thread 0x000001e9d0421df0 Exception <a 'java/lang/ClassNotFoundException'{0x0000000087f6b570}: com/sun/javafx/scene/control/skin/resources/controls> (0x0000000087f6b570) 
thrown [t:\workspace\open\src\hotspot\share\prims\jni.cpp, line 535]
Event: 2.370 Thread 0x000001e9d0421df0 Exception <a 'java/lang/ClassNotFoundException'{0x0000000087f7a7d0}: com/sun/javafx/scene/control/skin/resources/controls_fr> (0x0000000087f7a7d0) 
thrown [t:\workspace\open\src\hotspot\share\prims\jni.cpp, line 535]
Event: 2.370 Thread 0x000001e9d0421df0 Exception <a 'java/lang/ClassNotFoundException'{0x0000000087f88aa8}: com/sun/javafx/scene/control/skin/resources/controls_fr_FR> (0x0000000087f88aa8) 
thrown [t:\workspace\open\src\hotspot\share\prims\jni.cpp, line 535]
Event: 2.400 Thread 0x000001e9d0421df0 Exception <a 'java/lang/NoSuchMethodError'{0x0000000087d06610}: 'void java.lang.invoke.DirectMethodHandle$Holder.invokeSpecial(java.lang.Object, java.lang.Object, java.lang.Object, java.lang.Object, java.lang.Object, java.lang.Object)'> (0x0000000087d06610) 
thrown [t:\workspace\open\src\hotspot\share\interpreter\linkResolver.cpp, line 766]
Event: 2.492 Thread 0x000001e9d0421df0 Exception <a 'java/lang/NoSuchMethodError'{0x0000000089bc2bf8}: 'java.lang.Object java.lang.invoke.DirectMethodHandle$Holder.newInvokeSpecial(java.lang.Object, java.lang.Object, int, int)'> (0x0000000089bc2bf8) 
thrown [t:\workspace\open\src\hotspot\share\interpreter\linkResolver.cpp, line 766]
Event: 2.549 Thread 0x000001e9d009b850 Exception <a 'java/lang/NoSuchMethodError'{0x00000000899209e8}: 'java.lang.Object java.lang.invoke.DirectMethodHandle$Holder.invokeStaticInit(java.lang.Object, int)'> (0x00000000899209e8) 
thrown [t:\workspace\open\src\hotspot\share\interpreter\linkResolver.cpp, line 766]
Event: 4.892 Thread 0x000001e9d0421df0 Implicit null exception at 0x000001e9c068c503 to 0x000001e9c068c574
Event: 5.697 Thread 0x000001e9d0421df0 Exception <a 'java/lang/NoSuchMethodError'{0x000000008952a898}: 'java.lang.Object java.lang.invoke.DirectMethodHandle$Holder.newInvokeSpecial(java.lang.Object, java.lang.Object, int, int, int, int, int, java.lang.Object)'> (0x000000008952a898) 
thrown [t:\workspace\open\src\hotspot\share\interpreter\linkResolver.cpp, line 766]
Event: 5.698 Thread 0x000001e9d0421df0 Exception <a 'java/lang/NoSuchMethodError'{0x000000008953e318}: 'java.lang.Object java.lang.invoke.DirectMethodHandle$Holder.newInvokeSpecial(java.lang.Object, java.lang.Object, java.lang.Object, int, int, int, int, int)'> (0x000000008953e318) 
thrown [t:\workspace\open\src\hotspot\share\interpreter\linkResolver.cpp, line 766]
Event: 5.698 Thread 0x000001e9d0421df0 Exception <a 'java/lang/NoSuchMethodError'{0x0000000089546618}: 'java.lang.Object java.lang.invoke.Invokers$Holder.linkToTargetMethod(java.lang.Object, java.lang.Object, int, int, int, int, int, java.lang.Object)'> (0x0000000089546618) 
thrown [t:\workspace\open\src\hotspot\share\interpreter\linkResolver.cpp, line 766]

VM Operations (20 events):
Event: 1.398 Executing VM operation: HandshakeAllThreads done
Event: 1.492 Executing VM operation: ICBufferFull
Event: 1.492 Executing VM operation: ICBufferFull done
Event: 2.260 Executing VM operation: HandshakeAllThreads
Event: 2.260 Executing VM operation: HandshakeAllThreads done
Event: 2.352 Executing VM operation: ICBufferFull
Event: 2.352 Executing VM operation: ICBufferFull done
Event: 2.422 Executing VM operation: G1CollectForAllocation
Event: 2.429 Executing VM operation: G1CollectForAllocation done
Event: 3.290 Executing VM operation: ICBufferFull
Event: 3.290 Executing VM operation: ICBufferFull done
Event: 4.291 Executing VM operation: Cleanup
Event: 4.291 Executing VM operation: Cleanup done
Event: 4.920 Executing VM operation: HandshakeAllThreads
Event: 4.920 Executing VM operation: HandshakeAllThreads done
Event: 5.919 Executing VM operation: Cleanup
Event: 5.919 Executing VM operation: Cleanup done
Event: 6.373 Executing VM operation: HandshakeAllThreads
Event: 6.373 Executing VM operation: HandshakeAllThreads done
Event: 6.386 Executing VM operation: Exit

Events (20 events):
Event: 4.943 loading class sun/util/resources/Bundles$2 done
Event: 4.945 loading class sun/text/RuleBasedBreakIterator
Event: 4.945 loading class sun/text/RuleBasedBreakIterator done
Event: 4.945 loading class sun/text/CompactByteArray
Event: 4.945 loading class sun/text/CompactByteArray done
Event: 4.946 loading class sun/text/SupplementaryCharacterData
Event: 4.946 loading class sun/text/SupplementaryCharacterData done
Event: 4.946 loading class java/text/BreakIterator$BreakIteratorCache
Event: 4.946 loading class java/text/BreakIterator$BreakIteratorCache done
Event: 6.301 loading class jdk/internal/reflect/BootstrapConstructorAccessorImpl
Event: 6.301 loading class jdk/internal/reflect/BootstrapConstructorAccessorImpl done
Event: 6.376 loading class java/lang/Throwable$WrappedPrintStream
Event: 6.376 loading class java/lang/Throwable$PrintStreamOrWriter
Event: 6.376 loading class java/lang/Throwable$PrintStreamOrWriter done
Event: 6.376 loading class java/lang/Throwable$WrappedPrintStream done
Event: 6.384 Thread 0x000001e9db81f840 Thread added: 0x000001e9db81f840
Event: 6.384 Thread 0x000001e9db81db60 Thread added: 0x000001e9db81db60
Event: 6.384 Thread 0x000001e9db81db60 Thread exited: 0x000001e9db81db60
Event: 6.385 Thread 0x000001e9db81f840 Thread exited: 0x000001e9db81f840
Event: 6.385 Thread 0x000001e9cf2c28b0 Thread exited: 0x000001e9cf2c28b0


Dynamic libraries:
0x00007ff6fca60000 - 0x00007ff6fca70000 	C:\Program Files\Java\jdk-17.0.1\bin\javaw.exe
0x00007ff9a11b0000 - 0x00007ff9a13a5000 	C:\WINDOWS\SYSTEM32\ntdll.dll
0x00007ff9a0c00000 - 0x00007ff9a0cbe000 	C:\WINDOWS\System32\KERNEL32.DLL
0x00007ff99e8d0000 - 0x00007ff99eb98000 	C:\WINDOWS\System32\KERNELBASE.dll
0x00007ff99eba0000 - 0x00007ff99eca0000 	C:\WINDOWS\System32\ucrtbase.dll
0x00007ff97fdd0000 - 0x00007ff97fdea000 	C:\Program Files\Java\jdk-17.0.1\bin\VCRUNTIME140.dll
0x00007ff99a0e0000 - 0x00007ff99a0f8000 	C:\Program Files\Java\jdk-17.0.1\bin\jli.dll
0x00007ff9a0070000 - 0x00007ff9a011e000 	C:\WINDOWS\System32\ADVAPI32.dll
0x00007ff99f230000 - 0x00007ff99f2ce000 	C:\WINDOWS\System32\msvcrt.dll
0x00007ff99f8c0000 - 0x00007ff99f95c000 	C:\WINDOWS\System32\sechost.dll
0x00007ff99fe50000 - 0x00007ff99ff75000 	C:\WINDOWS\System32\RPCRT4.dll
0x00007ff9a0df0000 - 0x00007ff9a0f90000 	C:\WINDOWS\System32\USER32.dll
0x00007ff99eca0000 - 0x00007ff99ecc2000 	C:\WINDOWS\System32\win32u.dll
0x00007ff988c10000 - 0x00007ff988eaa000 	C:\WINDOWS\WinSxS\amd64_microsoft.windows.common-controls_6595b64144ccf1df_6.0.19041.1110_none_60b5254171f9507e\COMCTL32.dll
0x00007ff99f960000 - 0x00007ff99f98b000 	C:\WINDOWS\System32\GDI32.dll
0x00007ff99f070000 - 0x00007ff99f17b000 	C:\WINDOWS\System32\gdi32full.dll
0x00007ff99ef80000 - 0x00007ff99f01d000 	C:\WINDOWS\System32\msvcp_win.dll
0x00007ff996ac0000 - 0x00007ff996aca000 	C:\WINDOWS\SYSTEM32\VERSION.dll
0x00007ff9a0120000 - 0x00007ff9a0150000 	C:\WINDOWS\System32\IMM32.DLL
0x00007ff997b50000 - 0x00007ff997b5c000 	C:\Program Files\Java\jdk-17.0.1\bin\vcruntime140_1.dll
0x00007ff96c4b0000 - 0x00007ff96c53d000 	C:\Program Files\Java\jdk-17.0.1\bin\msvcp140.dll
0x00007ff932680000 - 0x00007ff93323e000 	C:\Program Files\Java\jdk-17.0.1\bin\server\jvm.dll
0x00007ff9a0160000 - 0x00007ff9a0168000 	C:\WINDOWS\System32\PSAPI.DLL
0x00007ff985d20000 - 0x00007ff985d29000 	C:\WINDOWS\SYSTEM32\WSOCK32.dll
0x00007ff99fde0000 - 0x00007ff99fe4b000 	C:\WINDOWS\System32\WS2_32.dll
0x00007ff98c380000 - 0x00007ff98c3a7000 	C:\WINDOWS\SYSTEM32\WINMM.dll
0x00007ff99d140000 - 0x00007ff99d152000 	C:\WINDOWS\SYSTEM32\kernel.appcore.dll
0x00007ff97fdc0000 - 0x00007ff97fdca000 	C:\Program Files\Java\jdk-17.0.1\bin\jimage.dll
0x00007ff99c790000 - 0x00007ff99c974000 	C:\WINDOWS\SYSTEM32\DBGHELP.DLL
0x00007ff985b00000 - 0x00007ff985b2c000 	C:\WINDOWS\SYSTEM32\dbgcore.DLL
0x00007ff99f180000 - 0x00007ff99f202000 	C:\WINDOWS\System32\bcryptPrimitives.dll
0x00007ff97ae20000 - 0x00007ff97ae45000 	C:\Program Files\Java\jdk-17.0.1\bin\java.dll
0x00007ff96c3d0000 - 0x00007ff96c4a6000 	C:\Program Files\Java\jdk-17.0.1\bin\svml.dll
0x00007ff9a0170000 - 0x00007ff9a08b4000 	C:\WINDOWS\System32\SHELL32.dll
0x00007ff99c9a0000 - 0x00007ff99d134000 	C:\WINDOWS\SYSTEM32\windows.storage.dll
0x00007ff99f9f0000 - 0x00007ff99fd44000 	C:\WINDOWS\System32\combase.dll
0x00007ff99e330000 - 0x00007ff99e35c000 	C:\WINDOWS\SYSTEM32\Wldp.dll
0x00007ff9a0b50000 - 0x00007ff9a0bfd000 	C:\WINDOWS\System32\SHCORE.dll
0x00007ff9a1040000 - 0x00007ff9a1095000 	C:\WINDOWS\System32\shlwapi.dll
0x00007ff99e810000 - 0x00007ff99e82f000 	C:\WINDOWS\SYSTEM32\profapi.dll
0x00007ff96ff60000 - 0x00007ff96ff79000 	C:\Program Files\Java\jdk-17.0.1\bin\net.dll
0x00007ff98fdc0000 - 0x00007ff98fec9000 	C:\WINDOWS\SYSTEM32\WINHTTP.dll
0x00007ff99e090000 - 0x00007ff99e0fa000 	C:\WINDOWS\system32\mswsock.dll
0x00007ff96ff40000 - 0x00007ff96ff55000 	C:\Program Files\Java\jdk-17.0.1\bin\nio.dll
0x00007ff96ff20000 - 0x00007ff96ff38000 	C:\Program Files\Java\jdk-17.0.1\bin\zip.dll
0x000001e9cf370000 - 0x000001e9cf373000 	C:\JavaFX eclipse\javafx-sdk-17.0.0.1\bin\api-ms-win-core-console-l1-1-0.dll
0x000001e9cf380000 - 0x000001e9cf383000 	C:\JavaFX eclipse\javafx-sdk-17.0.0.1\bin\api-ms-win-core-console-l1-2-0.dll
0x000001e9cf390000 - 0x000001e9cf393000 	C:\JavaFX eclipse\javafx-sdk-17.0.0.1\bin\api-ms-win-core-datetime-l1-1-0.dll
0x000001e9cf3a0000 - 0x000001e9cf3a3000 	C:\JavaFX eclipse\javafx-sdk-17.0.0.1\bin\api-ms-win-core-debug-l1-1-0.dll
0x000001e9cf3b0000 - 0x000001e9cf3b3000 	C:\JavaFX eclipse\javafx-sdk-17.0.0.1\bin\api-ms-win-core-errorhandling-l1-1-0.dll
0x000001e9cf3c0000 - 0x000001e9cf3c4000 	C:\JavaFX eclipse\javafx-sdk-17.0.0.1\bin\api-ms-win-core-file-l1-1-0.dll
0x000001e9cf3d0000 - 0x000001e9cf3d3000 	C:\JavaFX eclipse\javafx-sdk-17.0.0.1\bin\api-ms-win-core-file-l1-2-0.dll
0x000001e9cf3e0000 - 0x000001e9cf3e3000 	C:\JavaFX eclipse\javafx-sdk-17.0.0.1\bin\api-ms-win-core-file-l2-1-0.dll
0x000001e9cf3f0000 - 0x000001e9cf3f3000 	C:\JavaFX eclipse\javafx-sdk-17.0.0.1\bin\api-ms-win-core-handle-l1-1-0.dll
0x000001e9d1900000 - 0x000001e9d1903000 	C:\JavaFX eclipse\javafx-sdk-17.0.0.1\bin\api-ms-win-core-heap-l1-1-0.dll
0x000001e9d1910000 - 0x000001e9d1913000 	C:\JavaFX eclipse\javafx-sdk-17.0.0.1\bin\api-ms-win-core-interlocked-l1-1-0.dll
0x000001e9d1920000 - 0x000001e9d1923000 	C:\JavaFX eclipse\javafx-sdk-17.0.0.1\bin\api-ms-win-core-libraryloader-l1-1-0.dll
0x000001e9d1930000 - 0x000001e9d1933000 	C:\JavaFX eclipse\javafx-sdk-17.0.0.1\bin\api-ms-win-core-localization-l1-2-0.dll
0x000001e9d1940000 - 0x000001e9d1943000 	C:\JavaFX eclipse\javafx-sdk-17.0.0.1\bin\api-ms-win-core-memory-l1-1-0.dll
0x000001e9d1950000 - 0x000001e9d1953000 	C:\JavaFX eclipse\javafx-sdk-17.0.0.1\bin\api-ms-win-core-namedpipe-l1-1-0.dll
0x000001e9d1960000 - 0x000001e9d1963000 	C:\JavaFX eclipse\javafx-sdk-17.0.0.1\bin\api-ms-win-core-processenvironment-l1-1-0.dll
0x000001e9d1a90000 - 0x000001e9d1a93000 	C:\JavaFX eclipse\javafx-sdk-17.0.0.1\bin\api-ms-win-core-processthreads-l1-1-0.dll
0x000001e9d1970000 - 0x000001e9d1973000 	C:\JavaFX eclipse\javafx-sdk-17.0.0.1\bin\api-ms-win-core-processthreads-l1-1-1.dll
0x000001e9d1980000 - 0x000001e9d1983000 	C:\JavaFX eclipse\javafx-sdk-17.0.0.1\bin\api-ms-win-core-profile-l1-1-0.dll
0x000001e9d1990000 - 0x000001e9d1993000 	C:\JavaFX eclipse\javafx-sdk-17.0.0.1\bin\api-ms-win-core-rtlsupport-l1-1-0.dll
0x000001e9d19a0000 - 0x000001e9d19a3000 	C:\JavaFX eclipse\javafx-sdk-17.0.0.1\bin\api-ms-win-core-string-l1-1-0.dll
0x000001e9d19b0000 - 0x000001e9d19b3000 	C:\JavaFX eclipse\javafx-sdk-17.0.0.1\bin\api-ms-win-core-synch-l1-1-0.dll
0x000001e9d19c0000 - 0x000001e9d19c3000 	C:\JavaFX eclipse\javafx-sdk-17.0.0.1\bin\api-ms-win-core-synch-l1-2-0.dll
0x000001e9d19d0000 - 0x000001e9d19d3000 	C:\JavaFX eclipse\javafx-sdk-17.0.0.1\bin\api-ms-win-core-sysinfo-l1-1-0.dll
0x000001e9d19e0000 - 0x000001e9d19e3000 	C:\JavaFX eclipse\javafx-sdk-17.0.0.1\bin\api-ms-win-core-timezone-l1-1-0.dll
0x000001e9d19f0000 - 0x000001e9d19f3000 	C:\JavaFX eclipse\javafx-sdk-17.0.0.1\bin\api-ms-win-core-util-l1-1-0.dll
0x000001e9d1a00000 - 0x000001e9d1a03000 	C:\JavaFX eclipse\javafx-sdk-17.0.0.1\bin\api-ms-win-crt-conio-l1-1-0.dll
0x000001e9d1a10000 - 0x000001e9d1a14000 	C:\JavaFX eclipse\javafx-sdk-17.0.0.1\bin\api-ms-win-crt-convert-l1-1-0.dll
0x000001e9d1a20000 - 0x000001e9d1a23000 	C:\JavaFX eclipse\javafx-sdk-17.0.0.1\bin\api-ms-win-crt-environment-l1-1-0.dll
0x000001e9d1a30000 - 0x000001e9d1a33000 	C:\JavaFX eclipse\javafx-sdk-17.0.0.1\bin\api-ms-win-crt-filesystem-l1-1-0.dll
0x000001e9d1a40000 - 0x000001e9d1a43000 	C:\JavaFX eclipse\javafx-sdk-17.0.0.1\bin\api-ms-win-crt-heap-l1-1-0.dll
0x000001e9d1a50000 - 0x000001e9d1a53000 	C:\JavaFX eclipse\javafx-sdk-17.0.0.1\bin\api-ms-win-crt-locale-l1-1-0.dll
0x000001e9d1a60000 - 0x000001e9d1a65000 	C:\JavaFX eclipse\javafx-sdk-17.0.0.1\bin\api-ms-win-crt-math-l1-1-0.dll
0x000001e9d1a70000 - 0x000001e9d1a75000 	C:\JavaFX eclipse\javafx-sdk-17.0.0.1\bin\api-ms-win-crt-multibyte-l1-1-0.dll
0x000001e9d1a80000 - 0x000001e9d1a90000 	C:\JavaFX eclipse\javafx-sdk-17.0.0.1\bin\api-ms-win-crt-private-l1-1-0.dll
0x000001e9d1aa0000 - 0x000001e9d1aa3000 	C:\JavaFX eclipse\javafx-sdk-17.0.0.1\bin\api-ms-win-crt-process-l1-1-0.dll
0x000001e9d1ab0000 - 0x000001e9d1ab4000 	C:\JavaFX eclipse\javafx-sdk-17.0.0.1\bin\api-ms-win-crt-runtime-l1-1-0.dll
0x000001e9d1ac0000 - 0x000001e9d1ac4000 	C:\JavaFX eclipse\javafx-sdk-17.0.0.1\bin\api-ms-win-crt-stdio-l1-1-0.dll
0x000001e9d1ad0000 - 0x000001e9d1ad4000 	C:\JavaFX eclipse\javafx-sdk-17.0.0.1\bin\api-ms-win-crt-string-l1-1-0.dll
0x000001e9d1ae0000 - 0x000001e9d1ae3000 	C:\JavaFX eclipse\javafx-sdk-17.0.0.1\bin\api-ms-win-crt-time-l1-1-0.dll
0x000001e9d1af0000 - 0x000001e9d1af3000 	C:\JavaFX eclipse\javafx-sdk-17.0.0.1\bin\api-ms-win-crt-utility-l1-1-0.dll
0x00007ff9562b0000 - 0x00007ff9563ac000 	C:\JavaFX eclipse\javafx-sdk-17.0.0.1\bin\ucrtbase.dll
0x00007ff96fcc0000 - 0x00007ff96fcda000 	C:\JavaFX eclipse\javafx-sdk-17.0.0.1\bin\vcruntime140.dll
0x00007ff97a590000 - 0x00007ff97a59c000 	C:\JavaFX eclipse\javafx-sdk-17.0.0.1\bin\vcruntime140_1.dll
0x00007ff956eb0000 - 0x00007ff956f3d000 	C:\JavaFX eclipse\javafx-sdk-17.0.0.1\bin\msvcp140.dll
0x00007ff96de20000 - 0x00007ff96de4a000 	C:\JavaFX eclipse\javafx-sdk-17.0.0.1\bin\prism_d3d.dll
0x00007ff98e770000 - 0x00007ff98e93f000 	C:\WINDOWS\system32\d3d9.dll
0x00007ff99c200000 - 0x00007ff99c22f000 	C:\WINDOWS\SYSTEM32\dwmapi.dll
0x00007ff99c010000 - 0x00007ff99c0ae000 	C:\WINDOWS\system32\uxtheme.dll
0x00007ff99e4b0000 - 0x00007ff99e4c2000 	C:\WINDOWS\SYSTEM32\msasn1.dll
0x00007ff992b60000 - 0x00007ff992b91000 	C:\WINDOWS\SYSTEM32\cryptnet.dll
0x00007ff99ee20000 - 0x00007ff99ef76000 	C:\WINDOWS\System32\CRYPT32.dll
0x00007ff99e280000 - 0x00007ff99e28c000 	C:\WINDOWS\SYSTEM32\cryptbase.dll
0x00007ff99edb0000 - 0x00007ff99ee18000 	C:\WINDOWS\System32\WINTRUST.DLL
0x00007ff99f210000 - 0x00007ff99f22d000 	C:\WINDOWS\System32\imagehlp.dll
0x00007ff99e290000 - 0x00007ff99e2a8000 	C:\WINDOWS\SYSTEM32\CRYPTSP.dll
0x00007ff99d9a0000 - 0x00007ff99d9d4000 	C:\WINDOWS\system32\rsaenh.dll
0x00007ff99ed80000 - 0x00007ff99eda7000 	C:\WINDOWS\System32\bcrypt.dll
0x00007ff96c840000 - 0x00007ff96c882000 	C:\JavaFX eclipse\javafx-sdk-17.0.0.1\bin\glass.dll
0x00007ff99ff80000 - 0x00007ff9a005b000 	C:\WINDOWS\System32\COMDLG32.dll
0x00007ff9a0cc0000 - 0x00007ff9a0dea000 	C:\WINDOWS\System32\ole32.dll
0x00007ff9a10a0000 - 0x00007ff9a116d000 	C:\WINDOWS\System32\OLEAUT32.dll
0x00007ff99f7a0000 - 0x00007ff99f8b6000 	C:\WINDOWS\System32\MSCTF.dll
0x00007ff98f960000 - 0x00007ff98faa8000 	C:\WINDOWS\SYSTEM32\drvstore.dll
0x00007ff99e670000 - 0x00007ff99e6a3000 	C:\WINDOWS\SYSTEM32\devobj.dll
0x00007ff99f020000 - 0x00007ff99f06e000 	C:\WINDOWS\System32\cfgmgr32.dll
0x00007ff943010000 - 0x00007ff9432d5000 	C:\WINDOWS\system32\nvspcap64.dll
0x00007ff99d5b0000 - 0x00007ff99d5e3000 	C:\WINDOWS\SYSTEM32\ntmarta.dll
0x00007ff99d160000 - 0x00007ff99d183000 	C:\WINDOWS\SYSTEM32\gpapi.dll
0x00007ff994ff0000 - 0x00007ff99502b000 	C:\WINDOWS\SYSTEM32\dxcore.dll
0x00007ff96fca0000 - 0x00007ff96fcb4000 	C:\JavaFX eclipse\javafx-sdk-17.0.0.1\bin\javafx_font.dll
0x00007ff98bf90000 - 0x00007ff98c20f000 	C:\WINDOWS\SYSTEM32\dwrite.dll
0x00007ff9a0f90000 - 0x00007ff9a1039000 	C:\WINDOWS\System32\clbcatq.dll
0x00007ff996f00000 - 0x00007ff9970b4000 	C:\WINDOWS\SYSTEM32\WindowsCodecs.dll
0x00007ff96c350000 - 0x00007ff96c38e000 	C:\WINDOWS\system32\dataexchange.dll
0x00007ff99aa00000 - 0x00007ff99ac64000 	C:\WINDOWS\system32\d3d11.dll
0x00007ff99b230000 - 0x00007ff99b415000 	C:\WINDOWS\system32\dcomp.dll
0x00007ff99d1b0000 - 0x00007ff99d2a3000 	C:\WINDOWS\system32\dxgi.dll
0x00007ff997380000 - 0x00007ff997581000 	C:\WINDOWS\system32\twinapi.appcore.dll
0x00007ff96c5d0000 - 0x00007ff96c604000 	C:\Program Files\Common Files\Microsoft Shared\Ink\rtscom.dll
0x00007ff98ec00000 - 0x00007ff98ecf9000 	C:\WINDOWS\SYSTEM32\textinputframework.dll
0x00007ff99bb00000 - 0x00007ff99bbf2000 	C:\WINDOWS\System32\CoreMessaging.dll
0x00007ff99b7a0000 - 0x00007ff99bafe000 	C:\WINDOWS\System32\CoreUIComponents.dll

dbghelp: loaded successfully - version: 4.0.5 - missing functions: none
symbol engine: initialized successfully - sym options: 0x614 - pdb path: .;C:\Program Files\Java\jdk-17.0.1\bin;C:\WINDOWS\SYSTEM32;C:\WINDOWS\WinSxS\amd64_microsoft.windows.common-controls_6595b64144ccf1df_6.0.19041.1110_none_60b5254171f9507e;C:\Program Files\Java\jdk-17.0.1\bin\server;C:\JavaFX eclipse\javafx-sdk-17.0.0.1\bin;C:\WINDOWS\System32\DriverStore\FileRepository\nvhmi.inf_amd64_b2524b812d9b5fc8;C:\WINDOWS\System32\DriverStore\FileRepository\igdlh64.inf_amd64_618947f7f882ca01;C:\Program Files\Common Files\Microsoft Shared\Ink

VM Arguments:
jvm_args: --module-path=C:\JavaFX eclipse\javafx-sdk-17.0.0.1\lib --add-modules=javafx.controls,javafx.fxml -Dfile.encoding=Cp1252 
java_command: application.Main
java_class_path (initial): G:\Mon Drive\Cours Licence\L3\Interface graphique\morpion\Projet morpion\bin;C:\JavaFX eclipse\javafx-sdk-17.0.0.1\lib\javafx.base.jar;C:\JavaFX eclipse\javafx-sdk-17.0.0.1\lib\javafx.controls.jar;C:\JavaFX eclipse\javafx-sdk-17.0.0.1\lib\javafx.fxml.jar;C:\JavaFX eclipse\javafx-sdk-17.0.0.1\lib\javafx.graphics.jar;C:\JavaFX eclipse\javafx-sdk-17.0.0.1\lib\javafx.media.jar;C:\JavaFX eclipse\javafx-sdk-17.0.0.1\lib\javafx.swing.jar;C:\JavaFX eclipse\javafx-sdk-17.0.0.1\lib\javafx.web.jar;C:\JavaFX eclipse\javafx-sdk-17.0.0.1\lib\javafx-swt.jar;C:\Users\pierr\.p2\pool\plugins\org.eclipse.fx.ide.css.jfx8_3.7.0.202010120832.jar
Launcher Type: SUN_STANDARD

[Global flags]
     intx CICompilerCount                          = 4                                         {product} {ergonomic}
     uint ConcGCThreads                            = 2                                         {product} {ergonomic}
     uint G1ConcRefinementThreads                  = 8                                         {product} {ergonomic}
   size_t G1HeapRegionSize                         = 1048576                                   {product} {ergonomic}
    uintx GCDrainStackTargetSize                   = 64                                        {product} {ergonomic}
   size_t InitialHeapSize                          = 134217728                                 {product} {ergonomic}
   size_t MarkStackSize                            = 4194304                                   {product} {ergonomic}
   size_t MaxHeapSize                              = 2116026368                                {product} {ergonomic}
   size_t MaxNewSize                               = 1268776960                                {product} {ergonomic}
   size_t MinHeapDeltaBytes                        = 1048576                                   {product} {ergonomic}
   size_t MinHeapSize                              = 8388608                                   {product} {ergonomic}
    uintx NonNMethodCodeHeapSize                   = 5839372                                {pd product} {ergonomic}
    uintx NonProfiledCodeHeapSize                  = 122909434                              {pd product} {ergonomic}
    uintx ProfiledCodeHeapSize                     = 122909434                              {pd product} {ergonomic}
    uintx ReservedCodeCacheSize                    = 251658240                              {pd product} {ergonomic}
     bool SegmentedCodeCache                       = true                                      {product} {ergonomic}
   size_t SoftMaxHeapSize                          = 2116026368                             {manageable} {ergonomic}
     bool UseCompressedClassPointers               = true                           {product lp64_product} {ergonomic}
     bool UseCompressedOops                        = true                           {product lp64_product} {ergonomic}
     bool UseG1GC                                  = true                                      {product} {ergonomic}
     bool UseLargePagesIndividualAllocation        = false                                  {pd product} {ergonomic}

Logging:
Log output configuration:
 #0: stdout all=off uptime,level,tags
 #1: stderr all=off uptime,level,tags

Environment Variables:
PATH=C:/Users/pierr/.p2/pool/plugins/org.eclipse.justj.openjdk.hotspot.jre.full.win32.x86_64_15.0.2.v20210201-0955/jre/bin/server;C:/Users/pierr/.p2/pool/plugins/org.eclipse.justj.openjdk.hotspot.jre.full.win32.x86_64_15.0.2.v20210201-0955/jre/bin;C:\Program Files\Common Files\Oracle\Java\javapath;C:\Program Files (x86)\Common Files\Oracle\Java\javapath;C:\Program Files (x86)\Razer Chroma SDK\bin;C:\Program Files\Razer Chroma SDK\bin;C:\windows\system32;C:\windows;C:\windows\System32\Wbem;C:\windows\System32\WindowsPowerShell\v1.0\;C:\Program Files (x86)\NVIDIA Corporation\PhysX\Common;C:\WINDOWS\system32;C:\WINDOWS;C:\WINDOWS\System32\Wbem;C:\WINDOWS\System32\WindowsPowerShell\v1.0\;C:\WINDOWS\System32\OpenSSH\;C:\Users\pierr\AppData\Local\Microsoft\WindowsApps;C:\Program Files\NVIDIA Corporation\NVIDIA NvDLISR;C:\python;C:\python\python.exe;C:\python\Scripts;C:\WINDOWS\system32;C:\WINDOWS;C:\WINDOWS\System32\Wbem;C:\WINDOWS\System32\WindowsPowerShell\v1.0\;C:\WINDOWS\System32\OpenSSH\;C:\Program Files\dotnet\;C:\Program Files\PuTTY\;C:\Program Files\Google\Chrome\Application\;C:\OCaml64\home\Pierre\.opam\4.11.1+mingw64c\bin;C:\OCaml64\bin;C:\Program Files (x86)\GNU\GetGnuWin32\bin;C:\Program Files (x86)\CodeBlocks\MinGW\bin;C:\Program Files\Mozilla Firefox;C:\Program Files\Mozilla Firefox\geckodriver.exe;C:\Program Files\Git\cmd;C:\python\python.exe;C:\Users\pierr\AppData\Roaming\Microsoft\Windows\Start Menu\Programs\Python 3.8;C:\python\Scripts;C:\Users\pierr\AppData\Local\Microsoft\WindowsApps;C:\Program Files\Google\Chrome\Application\chromedriver.exe;C:\Program Files\Mozilla Firefox;C:\Users\pierr\AppData\Local\Programs\Microsoft VS Code\bin;C:\Users\pierr\.dotnet\tools;C:\WINDOWS\system32;
USERNAME=Pierre
OS=Windows_NT
PROCESSOR_IDENTIFIER=Intel64 Family 6 Model 142 Stepping 10, GenuineIntel



---------------  S Y S T E M  ---------------

OS:
 Windows 10 , 64 bit Build 19041 (10.0.19041.1566)
OS uptime: 0 days 14:26 hours

CPU: total 8 (initial active 8) (4 cores per cpu, 2 threads per core) family 6 model 142 stepping 10 microcode 0xea, cx8, cmov, fxsr, ht, mmx, 3dnowpref, sse, sse2, sse3, ssse3, sse4.1, sse4.2, popcnt, lzcnt, tsc, tscinvbit, avx, avx2, aes, erms, clmul, bmi1, bmi2, adx, fma, vzeroupper, clflush, clflushopt

Memory: 4k page, system-wide physical 8071M (2191M free)
TotalPageFile size 16775M (AvailPageFile size 6734M)
current process WorkingSet (physical memory assigned to process): 172M, peak: 213M
current process commit charge ("private bytes"): 331M, peak: 385M

vm_info: Java HotSpot(TM) 64-Bit Server VM (17.0.1+12-LTS-39) for windows-amd64 JRE (17.0.1+12-LTS-39), built on Sep 27 2021 18:41:35 by "mach5one" with MS VC++ 16.8 (VS2019)

END.
